======= Tue 07/21/2026 10:04:00.96 ======= 

REPLY — review (6):
  microsoftexchange329e71ec88ae4615bbc36ab6ce41109e@butlerart.com  "Undeliverable: Can I add The Butler Institute of American Ar"
  beuniquestudios236@gmail.com  "Re: Putting Be Unique Studios on the New Philadelphia events"
  info@youngstownplayhouse.org  "Re: Getting The Youngstown Playhouse's events seen around Yo"
  christian@innovationconcerts.com  "Re: Quick follow-up about The Ottawa Tavern"
  huunjin@gmail.com  "Re: Getting Academy of Martial Arts Studies's events seen ar"
  christian@innovationconcerts.com  "Re: Getting The Ottawa Tavern's events seen around Toledo"

queue 1200 · good all-time 97 · today 0/25 (0 follow-up) · bounced 6 · suppressed 9 · replied 5 · follow-ups due 0 · pending 1091 · sending now 25
seed -> michabw91@gmail.com (check inbox vs spam): "Putting Hot Yoga Findlay on the Findlay events app"
sent: Putting Hot Yoga Findlay on the Findlay events app -> pdillon71@yahoo.com
sent: Getting Wolf's Ridge Brewing's events seen around Columbus -> info@wolfsridgebrewing.com
sent: Hungry Canton wants to know where your truck is -> craveworthycreations@gmail.com
sent: Getting Toledo Repertoire Theatre's events seen around Toledo -> marketing@toledorep.org
sent: Getting Tuscora Park Foundation's events seen around New Philadelphia -> info@tuscoraparkfoundation.com
sent: Putting Goodtime I - Lake Erie Island Cruises on the Sandusky events app -> joe@goodtimeboat.com
sent: Can I add Music Box Supper Club to the Cleveland events app? -> boxoffice@musicboxcle.com
sent: Getting Fifty West Brewing Company's events seen around Cincinnati -> info@fiftywestbrew.com
sent: Hungry Akron wants to know where your truck is -> eatsfoodtruck@att.net
sent: Getting Westcott House's events seen around Springfield -> info@westcotthouse.org
sent: Hungry Youngstown wants to know where your truck is -> eat@roxburypizzacompany.com
sent: Can I add The Blue Door Cafe & Bakery to the Cuyahoga Falls events app? -> blue6@bluedoorcafebakery.com
sent: Getting Weathervane Playhouse's events seen around Newark -> boxoffice@weathervaneplayhouse.org
sent: Can I add Southern Ohio Brewing to the Beavercreek events app? -> melissa@southernohiobrewing.com
sent: Hungry Mansfield wants to know where your truck is -> athenagreekmansfieldft@gmail.com
sent: Getting Grounds for Thought's events seen around Bowling Green -> laura@groundsforthought.com
sent: Putting Henmick Farm & Brewery on the Delaware events app -> info@henmick.com
sent: Putting Branch Street Coffee Roasters on the Boardman events app -> branchstreetcr@gmail.com
sent: Getting CharBenay's Wine on the River's events seen around Warren -> chardecor@aol.com
sent: Getting Marion Brewing Company's events seen around Marion -> tim@marionbrewing.com
sent: Putting Vibe Coffeehouse & Cafe on the Lima events app -> carlton@vibecoffeehouse.com
sent: Getting Stowaway Pub's events seen around Stow -> stowawaystow@gmail.com
sent: Can I add Paradigm Shift Brewing to the Massillon events app? -> mike@theshiftbeer.com
sent: Can I add Bell Tower Brewing Co. to the Kent events app? -> info@belltowerbrewing.com
sent: Putting The Blank Space on the Austintown events app -> jen@theblankspaceevents.com
bounced -> blocklisted, draft removed, notice trashed: info@tuscoraparkfoundation.com, eatsfoodtruck@att.net
top-up round 1: replacing 2 send(s)
sent: Getting Ryse Fitness Studio's events seen around Findlay -> rysefitnessstudio@gmail.com
sent: Can I add Land-Grant Brewing Company to the Columbus events app? -> rachel@landgrantbrewing.com
done. today: 25 first-touch + 0 follow-up = 25/25.
done Tue 07/21/2026 10:04:00.96 
